Started GET "/" for ::1 at 2019-09-23 15:22:46 +0900
  [1m[35m (1.3ms)[0m  [1m[34mSELECT "schema_migrations"."version" FROM "schema_migrations" ORDER BY "schema_migrations"."version" ASC[0m
  â†³ /Users/jangseong-won/.rbenv/versions/2.6.0/lib/ruby/gems/2.6.0/gems/activerecord-5.2.3/lib/active_record/log_subscriber.rb:98
Processing by EventsController#index as HTML
  Rendering events/index.html.erb within layouts/application
  Rendered events/index.html.erb within layouts/application (2.7ms)
Completed 200 OK in 3693ms (Views: 3685.3ms | ActiveRecord: 0.0ms)


Started GET "/?time=%25Q&main=true" for ::1 at 2019-09-23 15:22:51 +0900
Processing by EventsController#index as */*
Started GET "/maps?time=%25Q&main=true" for ::1 at 2019-09-23 15:22:51 +0900
Started GET "/mypage?time=%25Q&main=true" for ::1 at 2019-09-23 15:22:51 +0900
Started GET "/notifications?time=%25Q&main=true" for ::1 at 2019-09-23 15:22:51 +0900
  Parameters: {"time"=>"%Q", "main"=>"true"}
  Rendering events/index.html.erb within layouts/template
  Rendered events/index.html.erb within layouts/template (0.4ms)
Completed 200 OK in 20ms (Views: 14.0ms | ActiveRecord: 0.0ms)


Processing by UsersController#mypage as */*
  Parameters: {"time"=>"%Q", "main"=>"true"}
Processing by MapsController#index as */*
  Parameters: {"time"=>"%Q", "main"=>"true"}
Processing by NotificationsController#index as */*
  Parameters: {"time"=>"%Q", "main"=>"true"}
  Rendering maps/index.html.erb within layouts/template
  Rendered maps/index.html.erb within layouts/template (0.3ms)
  Rendering users/mypage.html.erb within layouts/template
Completed 200 OK in 22ms (Views: 10.6ms | ActiveRecord: 0.0ms)


  Rendering notifications/index.html.erb within layouts/template
  Rendered notifications/index.html.erb within layouts/template (0.4ms)
Completed 200 OK in 29ms (Views: 17.8ms | ActiveRecord: 0.0ms)


  Rendered shared/_navbar_notitle.html.erb (0.6ms)
  Rendered users/mypage.html.erb within layouts/template (16.7ms)
Completed 200 OK in 50ms (Views: 31.9ms | ActiveRecord: 0.0ms)


Started GET "/events/new?time=%25Q" for ::1 at 2019-09-23 15:23:16 +0900
Processing by EventsController#new as */*
  Parameters: {"time"=>"%Q"}
  Rendering events/new.html.erb within layouts/template
  Rendered shared/_navbar_nomenu.html.erb (0.6ms)
  Rendered events/new.html.erb within layouts/template (10.9ms)
Completed 200 OK in 21ms (Views: 16.5ms | ActiveRecord: 0.0ms)


Started GET "/events/new?time=%25Q" for ::1 at 2019-09-23 15:23:18 +0900
Processing by EventsController#new as */*
  Parameters: {"time"=>"%Q"}
  Rendering events/new.html.erb within layouts/template
  Rendered shared/_navbar_nomenu.html.erb (0.5ms)
  Rendered events/new.html.erb within layouts/template (5.1ms)
Completed 200 OK in 14ms (Views: 10.1ms | ActiveRecord: 0.0ms)


Started GET "/users/sign_in?time=%25Q" for ::1 at 2019-09-23 15:23:29 +0900
Processing by Devise::SessionsController#new as */*
  Parameters: {"time"=>"%Q"}
  Rendering devise/sessions/new.html.erb within layouts/template
  Rendered shared/_navbar.html.erb (0.6ms)
  Rendered devise/sessions/new.html.erb within layouts/template (59.6ms)
Completed 200 OK in 117ms (Views: 63.2ms | ActiveRecord: 8.9ms)


Started GET "/events/new?time=%25Q" for ::1 at 2019-09-23 15:32:43 +0900
Processing by EventsController#new as */*
  Parameters: {"time"=>"%Q"}
  Rendering events/new.html.erb within layouts/template
  Rendered shared/_navbar_nomenu.html.erb (0.6ms)
  Rendered events/new.html.erb within layouts/template (5.3ms)
Completed 200 OK in 15ms (Views: 10.5ms | ActiveRecord: 0.0ms)


Started GET "/events/new?time=%25Q" for ::1 at 2019-09-23 15:32:46 +0900
Processing by EventsController#new as */*
  Parameters: {"time"=>"%Q"}
  Rendering events/new.html.erb within layouts/template
  Rendered shared/_navbar_nomenu.html.erb (0.5ms)
  Rendered events/new.html.erb within layouts/template (5.8ms)
Completed 200 OK in 16ms (Views: 10.5ms | ActiveRecord: 0.0ms)


Started GET "/events/new?time=%25Q" for ::1 at 2019-09-23 15:32:55 +0900
Processing by EventsController#new as */*
  Parameters: {"time"=>"%Q"}
  Rendering events/new.html.erb within layouts/template
  Rendered shared/_navbar_nomenu.html.erb (0.5ms)
  Rendered events/new.html.erb within layouts/template (5.4ms)
Completed 200 OK in 16ms (Views: 10.7ms | ActiveRecord: 0.0ms)


  [1m[35m (1.3ms)[0m  [1m[34mSELECT pg_try_advisory_lock(2427224059277016825)[0m
  â†³ bin/rails:9
  [1m[35m (0.4ms)[0m  [1m[34mSELECT "schema_migrations"."version" FROM "schema_migrations" ORDER BY "schema_migrations"."version" ASC[0m
  â†³ bin/rails:9
Migrating to CreateEvents (20190923063838)
  [1m[35m (0.2ms)[0m  [1m[35mBEGIN[0m
  â†³ bin/rails:9
  [1m[35m (29.0ms)[0m  [1m[35mCREATE TABLE "events" ("id" bigserial primary key, "user_id" bigint, "title" character varying, "place" character varying, "detail_place" character varying, "content" text, "state" integer DEFAULT 0, "reward" integer DEFAULT 0, "time_limit" integer DEFAULT 0, "created_at" timestamp NOT NULL, "updated_at" timestamp NOT NULL, CONSTRAINT "fk_rails_0cb5590091"
FOREIGN KEY ("user_id")
  REFERENCES "users" ("id")
)[0m
  â†³ db/migrate/20190923063838_create_events.rb:3
  [1m[35m (1.2ms)[0m  [1m[35mCREATE  INDEX  "index_events_on_user_id" ON "events"  ("user_id")[0m
  â†³ db/migrate/20190923063838_create_events.rb:3
  [1m[36mActiveRecord::SchemaMigration Create (0.3ms)[0m  [1m[32mINSERT INTO "schema_migrations" ("version") VALUES ($1) RETURNING "version"[0m  [["version", "20190923063838"]]
  â†³ bin/rails:9
  [1m[35m (1.6ms)[0m  [1m[35mCOMMIT[0m
  â†³ bin/rails:9
Migrating to ActsAsTaggableOnMigration (20190923064951)
  [1m[35m (5.6ms)[0m  [1m[35mBEGIN[0m
  â†³ bin/rails:9
  [1m[35m (21.0ms)[0m  [1m[35mCREATE TABLE "tags" ("id" serial NOT NULL PRIMARY KEY, "name" character varying)[0m
  â†³ db/migrate/20190923064951_acts_as_taggable_on_migration.acts_as_taggable_on_engine.rb:9
  [1m[35m (5.5ms)[0m  [1m[35mCREATE TABLE "taggings" ("id" serial NOT NULL PRIMARY KEY, "tag_id" integer, "taggable_type" character varying, "taggable_id" integer, "tagger_type" character varying, "tagger_id" integer, "context" character varying(128), "created_at" timestamp)[0m
  â†³ db/migrate/20190923064951_acts_as_taggable_on_migration.acts_as_taggable_on_engine.rb:13
  [1m[35m (0.6ms)[0m  [1m[35mCREATE  INDEX  "index_taggings_on_tag_id" ON "taggings"  ("tag_id")[0m
  â†³ db/migrate/20190923064951_acts_as_taggable_on_migration.acts_as_taggable_on_engine.rb:28
  [1m[35m (1.4ms)[0m  [1m[35mCREATE  INDEX  "index_taggings_on_taggable_id_and_taggable_type_and_context" ON "taggings"  ("taggable_id", "taggable_type", "context")[0m
  â†³ db/migrate/20190923064951_acts_as_taggable_on_migration.acts_as_taggable_on_engine.rb:29
  [1m[36mActiveRecord::SchemaMigration Create (0.2ms)[0m  [1m[32mINSERT INTO "schema_migrations" ("version") VALUES ($1) RETURNING "version"[0m  [["version", "20190923064951"]]
  â†³ bin/rails:9
  [1m[35m (0.5ms)[0m  [1m[35mCOMMIT[0m
  â†³ bin/rails:9
Migrating to AddMissingUniqueIndices (20190923064952)
  [1m[35m (11.2ms)[0m  [1m[35mBEGIN[0m
  â†³ bin/rails:9
  [1m[35m (7.2ms)[0m  [1m[35mCREATE UNIQUE INDEX  "index_tags_on_name" ON "tags"  ("name")[0m
  â†³ db/migrate/20190923064952_add_missing_unique_indices.acts_as_taggable_on_engine.rb:9
  [1m[35m (2.9ms)[0m  [1m[35mDROP INDEX  "index_taggings_on_tag_id"[0m
  â†³ db/migrate/20190923064952_add_missing_unique_indices.acts_as_taggable_on_engine.rb:11
  [1m[35m (0.3ms)[0m  [1m[35mDROP INDEX  "index_taggings_on_taggable_id_and_taggable_type_and_context"[0m
  â†³ db/migrate/20190923064952_add_missing_unique_indices.acts_as_taggable_on_engine.rb:12
  [1m[35m (1.1ms)[0m  [1m[35mCREATE UNIQUE INDEX  "taggings_idx" ON "taggings"  ("tag_id", "taggable_id", "taggable_type", "context", "tagger_id", "tagger_type")[0m
  â†³ db/migrate/20190923064952_add_missing_unique_indices.acts_as_taggable_on_engine.rb:13
  [1m[36mActiveRecord::SchemaMigration Create (0.2ms)[0m  [1m[32mINSERT INTO "schema_migrations" ("version") VALUES ($1) RETURNING "version"[0m  [["version", "20190923064952"]]
  â†³ bin/rails:9
  [1m[35m (3.7ms)[0m  [1m[35mCOMMIT[0m
  â†³ bin/rails:9
Migrating to AddTaggingsCounterCacheToTags (20190923064953)
  [1m[35m (0.1ms)[0m  [1m[35mBEGIN[0m
  â†³ bin/rails:9
  [1m[35m (0.3ms)[0m  [1m[35mALTER TABLE "tags" ADD "taggings_count" integer DEFAULT 0[0m
  â†³ db/migrate/20190923064953_add_taggings_counter_cache_to_tags.acts_as_taggable_on_engine.rb:9
  [1m[36mActsAsTaggableOn::Tag Load (0.3ms)[0m  [1m[34mSELECT  "tags".* FROM "tags" ORDER BY "tags"."id" ASC LIMIT $1[0m  [["LIMIT", 1000]]
  â†³ db/migrate/20190923064953_add_taggings_counter_cache_to_tags.acts_as_taggable_on_engine.rb:12
  [1m[36mActiveRecord::SchemaMigration Create (0.1ms)[0m  [1m[32mINSERT INTO "schema_migrations" ("version") VALUES ($1) RETURNING "version"[0m  [["version", "20190923064953"]]
  â†³ bin/rails:9
  [1m[35m (5.5ms)[0m  [1m[35mCOMMIT[0m
  â†³ bin/rails:9
Migrating to AddMissingTaggableIndex (20190923064954)
  [1m[35m (0.1ms)[0m  [1m[35mBEGIN[0m
  â†³ bin/rails:9
  [1m[35m (6.8ms)[0m  [1m[35mCREATE  INDEX  "index_taggings_on_taggable_id_and_taggable_type_and_context" ON "taggings"  ("taggable_id", "taggable_type", "context")[0m
  â†³ db/migrate/20190923064954_add_missing_taggable_index.acts_as_taggable_on_engine.rb:9
  [1m[36mActiveRecord::SchemaMigration Create (0.3ms)[0m  [1m[32mINSERT INTO "schema_migrations" ("version") VALUES ($1) RETURNING "version"[0m  [["version", "20190923064954"]]
  â†³ bin/rails:9
  [1m[35m (6.2ms)[0m  [1m[35mCOMMIT[0m
  â†³ bin/rails:9
Migrating to ChangeCollationForTagNames (20190923064955)
  [1m[35m (0.2ms)[0m  [1m[35mBEGIN[0m
  â†³ bin/rails:9
  [1m[36mActiveRecord::SchemaMigration Create (0.3ms)[0m  [1m[32mINSERT INTO "schema_migrations" ("version") VALUES ($1) RETURNING "version"[0m  [["version", "20190923064955"]]
  â†³ bin/rails:9
  [1m[35m (6.2ms)[0m  [1m[35mCOMMIT[0m
  â†³ bin/rails:9
Migrating to AddMissingIndexesOnTaggings (20190923064956)
  [1m[35m (0.2ms)[0m  [1m[35mBEGIN[0m
  â†³ bin/rails:9
  [1m[35m (6.3ms)[0m  [1m[35mCREATE  INDEX  "index_taggings_on_tag_id" ON "taggings"  ("tag_id")[0m
  â†³ db/migrate/20190923064956_add_missing_indexes_on_taggings.acts_as_taggable_on_engine.rb:9
  [1m[35m (11.1ms)[0m  [1m[35mCREATE  INDEX  "index_taggings_on_taggable_id" ON "taggings"  ("taggable_id")[0m
  â†³ db/migrate/20190923064956_add_missing_indexes_on_taggings.acts_as_taggable_on_engine.rb:10
  [1m[35m (1.1ms)[0m  [1m[35mCREATE  INDEX  "index_taggings_on_taggable_type" ON "taggings"  ("taggable_type")[0m
  â†³ db/migrate/20190923064956_add_missing_indexes_on_taggings.acts_as_taggable_on_engine.rb:11
  [1m[35m (1.1ms)[0m  [1m[35mCREATE  INDEX  "index_taggings_on_tagger_id" ON "taggings"  ("tagger_id")[0m
  â†³ db/migrate/20190923064956_add_missing_indexes_on_taggings.acts_as_taggable_on_engine.rb:12
  [1m[35m (1.1ms)[0m  [1m[35mCREATE  INDEX  "index_taggings_on_context" ON "taggings"  ("context")[0m
  â†³ db/migrate/20190923064956_add_missing_indexes_on_taggings.acts_as_taggable_on_engine.rb:13
  [1m[35m (1.0ms)[0m  [1m[35mCREATE  INDEX  "index_taggings_on_tagger_id_and_tagger_type" ON "taggings"  ("tagger_id", "tagger_type")[0m
  â†³ db/migrate/20190923064956_add_missing_indexes_on_taggings.acts_as_taggable_on_engine.rb:16
  [1m[35m (0.9ms)[0m  [1m[35mCREATE  INDEX  "taggings_idy" ON "taggings"  ("taggable_id", "taggable_type", "tagger_id", "context")[0m
  â†³ db/migrate/20190923064956_add_missing_indexes_on_taggings.acts_as_taggable_on_engine.rb:20
  [1m[36mActiveRecord::SchemaMigration Create (0.2ms)[0m  [1m[32mINSERT INTO "schema_migrations" ("version") VALUES ($1) RETURNING "version"[0m  [["version", "20190923064956"]]
  â†³ bin/rails:9
  [1m[35m (0.5ms)[0m  [1m[35mCOMMIT[0m
  â†³ bin/rails:9
  [1m[36mActiveRecord::InternalMetadata Load (1.5ms)[0m  [1m[34mSELECT  "ar_internal_metadata".* FROM "ar_internal_metadata" WHERE "ar_internal_metadata"."key" = $1 LIMIT $2[0m  [["key", "environment"], ["LIMIT", 1]]
  â†³ bin/rails:9
  [1m[35m (0.1ms)[0m  [1m[35mBEGIN[0m
  â†³ bin/rails:9
  [1m[35m (0.1ms)[0m  [1m[35mCOMMIT[0m
  â†³ bin/rails:9
  [1m[35m (0.2ms)[0m  [1m[34mSELECT pg_advisory_unlock(2427224059277016825)[0m
  â†³ bin/rails:9
  [1m[35m (0.2ms)[0m  [1m[34mSELECT "schema_migrations"."version" FROM "schema_migrations" ORDER BY "schema_migrations"."version" ASC[0m
  â†³ bin/rails:9
Started GET "/users/sign_in?time=%25Q" for ::1 at 2019-09-23 15:50:59 +0900
  [1m[35m (0.5ms)[0m  [1m[34mSELECT "schema_migrations"."version" FROM "schema_migrations" ORDER BY "schema_migrations"."version" ASC[0m
  â†³ /Users/jangseong-won/.rbenv/versions/2.6.0/lib/ruby/gems/2.6.0/gems/activerecord-5.2.3/lib/active_record/log_subscriber.rb:98
Processing by Devise::SessionsController#new as */*
  Parameters: {"time"=>"%Q"}
  Rendering devise/sessions/new.html.erb within layouts/template
  Rendered shared/_navbar.html.erb (0.5ms)
  Rendered devise/sessions/new.html.erb within layouts/template (10.8ms)
Completed 200 OK in 55ms (Views: 14.9ms | ActiveRecord: 4.8ms)


Started GET "/users/sign_up?time=%25Q" for ::1 at 2019-09-23 15:51:00 +0900
Processing by Devise::RegistrationsController#new as */*
  Parameters: {"time"=>"%Q"}
  Rendering devise/registrations/new.html.erb within layouts/template
  Rendered shared/_navbar.html.erb (0.4ms)
  Rendered devise/shared/_links.html.erb (1.1ms)
  Rendered devise/registrations/new.html.erb within layouts/template (1862.8ms)
Completed 200 OK in 1874ms (Views: 1872.6ms | ActiveRecord: 0.0ms)


Started POST "/users?time=%25Q" for ::1 at 2019-09-23 15:51:28 +0900
Processing by Devise::RegistrationsController#create as HTML
  Parameters: {"utf8"=>"âœ“", "authenticity_token"=>"BEl+X8y1QlwiqNOfRehc+RtiSZbOoSrwBHvMtfHosuSwHlAC2hEMnObBqo9FQOjP2SGim7TlOI4cFgyp06x/xQ==", "user"=>{"name"=>"sdfds", "email"=>"dsfds@sdfds", "phone"=>"010-9790-2095", "zipcode"=>"06000", "address1"=>"ì„œìš¸ ê°•ë‚¨êµ¬ ê°•ë‚¨ëŒ€ë¡œ 708", "address2"=>"sdfdsf", "password"=>"[FILTERED]", "password_confirmation"=>"[FILTERED]", "accept_sms"=>"true", "accept_email"=>"true"}, "commit"=>"íšŒì›ê°€ìž…", "time"=>"%Q"}
  [1m[35m (0.2ms)[0m  [1m[35mBEGIN[0m
  â†³ /Users/jangseong-won/.rbenv/versions/2.6.0/lib/ruby/gems/2.6.0/gems/activerecord-5.2.3/lib/active_record/log_subscriber.rb:98
  [1m[36mUser Exists (7.4ms)[0m  [1m[34mSELECT  1 AS one FROM "users" WHERE "users"."email" = $1 LIMIT $2[0m  [["email", "dsfds@sdfds"], ["LIMIT", 1]]
  â†³ /Users/jangseong-won/.rbenv/versions/2.6.0/lib/ruby/gems/2.6.0/gems/activerecord-5.2.3/lib/active_record/log_subscriber.rb:98
  [1m[36mUser Create (1.5ms)[0m  [1m[32mINSERT INTO "users" ("name", "email", "encrypted_password", "phone", "address1", "address2", "zipcode", "accept_sms", "accept_email", "created_at", "updated_at") VALUES ($1, $2, $3, $4, $5, $6, $7, $8, $9, $10, $11) RETURNING "id"[0m  [["name", "sdfds"], ["email", "dsfds@sdfds"], ["encrypted_password", "$2a$11$/PmswHo.je.UBZS31fWqt.1PHeHABKScwHvmQEjA/g6CRFwU9PM72"], ["phone", "010-9790-2095"], ["address1", "ì„œìš¸ ê°•ë‚¨êµ¬ ê°•ë‚¨ëŒ€ë¡œ 708"], ["address2", "sdfdsf"], ["zipcode", "06000"], ["accept_sms", true], ["accept_email", true], ["created_at", "2019-09-23 15:51:28.578487"], ["updated_at", "2019-09-23 15:51:28.578487"]]
  â†³ /Users/jangseong-won/.rbenv/versions/2.6.0/lib/ruby/gems/2.6.0/gems/activerecord-5.2.3/lib/active_record/log_subscriber.rb:98
  [1m[35m (0.4ms)[0m  [1m[35mCOMMIT[0m
  â†³ /Users/jangseong-won/.rbenv/versions/2.6.0/lib/ruby/gems/2.6.0/gems/activerecord-5.2.3/lib/active_record/log_subscriber.rb:98
  [1m[35m (0.2ms)[0m  [1m[35mBEGIN[0m
  â†³ /Users/jangseong-won/.rbenv/versions/2.6.0/lib/ruby/gems/2.6.0/gems/activerecord-5.2.3/lib/active_record/log_subscriber.rb:98
  [1m[36mUser Update (0.5ms)[0m  [1m[33mUPDATE "users" SET "sign_in_count" = $1, "current_sign_in_at" = $2, "last_sign_in_at" = $3, "current_sign_in_ip" = $4, "last_sign_in_ip" = $5, "updated_at" = $6 WHERE "users"."id" = $7[0m  [["sign_in_count", 1], ["current_sign_in_at", "2019-09-23 15:51:28.582651"], ["last_sign_in_at", "2019-09-23 15:51:28.582651"], ["current_sign_in_ip", "::1/128"], ["last_sign_in_ip", "::1/128"], ["updated_at", "2019-09-23 15:51:28.583396"], ["id", 1]]
  â†³ /Users/jangseong-won/.rbenv/versions/2.6.0/lib/ruby/gems/2.6.0/gems/activerecord-5.2.3/lib/active_record/log_subscriber.rb:98
  [1m[35m (0.3ms)[0m  [1m[35mCOMMIT[0m
  â†³ /Users/jangseong-won/.rbenv/versions/2.6.0/lib/ruby/gems/2.6.0/gems/activerecord-5.2.3/lib/active_record/log_subscriber.rb:98
Redirected to http://localhost:3000/?time=%25Q
Completed 302 Found in 173ms (ActiveRecord: 10.4ms)


Started GET "/?time=%25Q" for ::1 at 2019-09-23 15:51:28 +0900
Processing by EventsController#index as HTML
  Parameters: {"time"=>"%Q"}
  Rendering events/index.html.erb within layouts/application
  Rendered events/index.html.erb within layouts/application (0.4ms)
  [1m[36mUser Load (0.3ms)[0m  [1m[34mSELECT  "users".* FROM "users" WHERE "users"."id" = $1 ORDER BY "users"."id" ASC LIMIT $2[0m  [["id", 1], ["LIMIT", 1]]
  â†³ app/views/layouts/application.html.erb:60
Completed 200 OK in 402ms (Views: 400.9ms | ActiveRecord: 0.6ms)


Started GET "/?time=%25Q&main=true" for ::1 at 2019-09-23 15:51:30 +0900
Processing by EventsController#index as */*
  Parameters: {"time"=>"%Q", "main"=>"true"}
Started GET "/mypage?time=%25Q&main=true" for ::1 at 2019-09-23 15:51:30 +0900
Started GET "/maps?time=%25Q&main=true" for ::1 at 2019-09-23 15:51:30 +0900
Started GET "/notifications?time=%25Q&main=true" for ::1 at 2019-09-23 15:51:30 +0900
  Rendering events/index.html.erb within layouts/template
  Rendered events/index.html.erb within layouts/template (0.6ms)
Completed 200 OK in 20ms (Views: 12.1ms | ActiveRecord: 0.0ms)


Processing by UsersController#mypage as */*
Processing by NotificationsController#index as */*
  Parameters: {"time"=>"%Q", "main"=>"true"}
Processing by MapsController#index as */*
  Parameters: {"time"=>"%Q", "main"=>"true"}
  Parameters: {"time"=>"%Q", "main"=>"true"}
  Rendering users/mypage.html.erb within layouts/template
  Rendering maps/index.html.erb within layouts/template
  Rendered shared/_navbar_notitle.html.erb (0.9ms)
  Rendering notifications/index.html.erb within layouts/template
  Rendered users/mypage.html.erb within layouts/template (8.5ms)
  Rendered maps/index.html.erb within layouts/template (0.5ms)
  Rendered notifications/index.html.erb within layouts/template (0.7ms)
Completed 200 OK in 53ms (Views: 41.0ms | ActiveRecord: 0.0ms)


Completed 200 OK in 48ms (Views: 29.8ms | ActiveRecord: 0.0ms)


Completed 200 OK in 36ms (Views: 22.9ms | ActiveRecord: 0.0ms)


  [1m[36mUser Load (0.6ms)[0m  [1m[34mSELECT  "users".* FROM "users" ORDER BY "users"."id" ASC LIMIT $1[0m  [["LIMIT", 1]]
  [1m[35m (0.2ms)[0m  [1m[35mBEGIN[0m
  [1m[36mEvent Create (1.1ms)[0m  [1m[32mINSERT INTO "events" ("user_id", "title", "place", "detail_place", "content", "reward", "time_limit", "created_at", "updated_at") VALUES ($1, $2, $3, $4, $5, $6, $7, $8, $9) RETURNING "id"[0m  [["user_id", 1], ["title", "ì»¤í”¼ ê°–ë‹¤ì¤˜"], ["place", "ì‹ ê³µí•™ê´€"], ["detail_place", "3ì¸µ ìžíŒê¸° ì•ž"], ["content", "ë‚˜ëŠ” ë¹¨ê°„ ëª¨ìžë¥¼ ì“°ê³ ìžˆìŒ"], ["reward", 3000], ["time_limit", 30], ["created_at", "2019-09-23 15:52:49.405219"], ["updated_at", "2019-09-23 15:52:49.405219"]]
  [1m[36mActsAsTaggableOn::Tagging Load (0.7ms)[0m  [1m[34mSELECT "taggings".* FROM "taggings" WHERE "taggings"."taggable_id" = $1 AND "taggings"."taggable_type" = $2[0m  [["taggable_id", 1], ["taggable_type", "Event"]]
  [1m[35m (6.7ms)[0m  [1m[35mCOMMIT[0m
  [1m[36mEvent Load (0.3ms)[0m  [1m[34mSELECT  "events".* FROM "events" ORDER BY "events"."id" ASC LIMIT $1[0m  [["LIMIT", 1]]
  [1m[36mActsAsTaggableOn::Tag Load (0.5ms)[0m  [1m[34mSELECT "tags".* FROM "tags" INNER JOIN "taggings" ON "tags"."id" = "taggings"."tag_id" WHERE "taggings"."taggable_id" = $1 AND "taggings"."taggable_type" = $2 AND "taggings"."context" = $3[0m  [["taggable_id", 1], ["taggable_type", "Event"], ["context", "tags"]]
  [1m[36mActsAsTaggableOn::Tagging Load (0.4ms)[0m  [1m[34mSELECT "taggings".* FROM "taggings" WHERE "taggings"."taggable_id" = $1 AND "taggings"."taggable_type" = $2[0m  [["taggable_id", 1], ["taggable_type", "Event"]]
  [1m[36mActsAsTaggableOn::Tag Load (0.7ms)[0m  [1m[34mSELECT "tags".* FROM "tags" INNER JOIN "taggings" ON "tags"."id" = "taggings"."tag_id" WHERE "taggings"."taggable_id" = $1 AND "taggings"."taggable_type" = $2 AND (taggings.context = 'tags' AND taggings.tagger_id IS NULL)[0m  [["taggable_id", 1], ["taggable_type", "Event"]]
  [1m[36mEvent Load (0.3ms)[0m  [1m[34mSELECT  "events".* FROM "events" ORDER BY "events"."id" ASC LIMIT $1[0m  [["LIMIT", 1]]
  [1m[36mEvent Load (0.4ms)[0m  [1m[34mSELECT  "events".* FROM "events" ORDER BY "events"."id" ASC LIMIT $1[0m  [["LIMIT", 1]]
  [1m[36mActsAsTaggableOn::Tag Load (0.5ms)[0m  [1m[34mSELECT "tags".* FROM "tags" INNER JOIN "taggings" ON "tags"."id" = "taggings"."tag_id" WHERE "taggings"."taggable_id" = $1 AND "taggings"."taggable_type" = $2 AND "taggings"."context" = $3[0m  [["taggable_id", 1], ["taggable_type", "Event"], ["context", "tags"]]
  [1m[36mEvent Load (0.4ms)[0m  [1m[34mSELECT  "events".* FROM "events" ORDER BY "events"."id" ASC LIMIT $1[0m  [["LIMIT", 1]]
  [1m[36mActsAsTaggableOn::Tagging Load (0.3ms)[0m  [1m[34mSELECT "taggings".* FROM "taggings" WHERE "taggings"."taggable_id" = $1 AND "taggings"."taggable_type" = $2[0m  [["taggable_id", 1], ["taggable_type", "Event"]]
  [1m[36mActsAsTaggableOn::Tag Load (0.5ms)[0m  [1m[34mSELECT "tags".* FROM "tags" INNER JOIN "taggings" ON "tags"."id" = "taggings"."tag_id" WHERE "taggings"."taggable_id" = $1 AND "taggings"."taggable_type" = $2 AND (taggings.context = 'tags' AND taggings.tagger_id IS NULL)[0m  [["taggable_id", 1], ["taggable_type", "Event"]]
  [1m[36mEvent Load (0.4ms)[0m  [1m[34mSELECT  "events".* FROM "events" ORDER BY "events"."id" ASC LIMIT $1[0m  [["LIMIT", 1]]
  [1m[36mActsAsTaggableOn::Tagging Load (0.4ms)[0m  [1m[34mSELECT "taggings".* FROM "taggings" WHERE "taggings"."taggable_id" = $1 AND "taggings"."taggable_type" = $2[0m  [["taggable_id", 1], ["taggable_type", "Event"]]
  [1m[36mActsAsTaggableOn::Tag Load (0.5ms)[0m  [1m[34mSELECT "tags".* FROM "tags" INNER JOIN "taggings" ON "tags"."id" = "taggings"."tag_id" WHERE "taggings"."taggable_id" = $1 AND "taggings"."taggable_type" = $2 AND (taggings.context = 'tags' AND taggings.tagger_id IS NULL)[0m  [["taggable_id", 1], ["taggable_type", "Event"]]
  [1m[35m (0.2ms)[0m  [1m[35mBEGIN[0m
  [1m[36mUser Load (0.3ms)[0m  [1m[34mSELECT  "users".* FROM "users" WHERE "users"."id" = $1 LIMIT $2[0m  [["id", 1], ["LIMIT", 1]]
  [1m[36mActsAsTaggableOn::Tag Load (6.0ms)[0m  [1m[34mSELECT "tags".* FROM "tags" WHERE (LOWER(name) = LOWER('ë°¥ë„ë‘‘'))[0m
  [1m[36mActsAsTaggableOn::Tag Exists (0.2ms)[0m  [1m[34mSELECT  1 AS one FROM "tags" WHERE "tags"."name" = $1 LIMIT $2[0m  [["name", "ë°¥ë„ë‘‘"], ["LIMIT", 1]]
  [1m[36mActsAsTaggableOn::Tag Create (0.5ms)[0m  [1m[32mINSERT INTO "tags" ("name") VALUES ($1) RETURNING "id"[0m  [["name", "ë°¥ë„ë‘‘"]]
  [1m[36mActsAsTaggableOn::Tag Load (0.4ms)[0m  [1m[34mSELECT "tags".* FROM "tags" INNER JOIN "taggings" ON "tags"."id" = "taggings"."tag_id" WHERE "taggings"."taggable_id" = $1 AND "taggings"."taggable_type" = $2 AND (taggings.context = 'tags' AND taggings.tagger_id IS NULL)[0m  [["taggable_id", 1], ["taggable_type", "Event"]]
  [1m[36mActsAsTaggableOn::Tag Load (0.2ms)[0m  [1m[34mSELECT  "tags".* FROM "tags" WHERE "tags"."id" = $1 LIMIT $2[0m  [["id", 1], ["LIMIT", 1]]
  [1m[36mActsAsTaggableOn::Tagging Exists (0.4ms)[0m  [1m[34mSELECT  1 AS one FROM "taggings" WHERE "taggings"."tag_id" = $1 AND "taggings"."taggable_type" = $2 AND "taggings"."taggable_id" = $3 AND "taggings"."context" = $4 AND "taggings"."tagger_id" IS NULL AND "taggings"."tagger_type" IS NULL LIMIT $5[0m  [["tag_id", 1], ["taggable_type", "Event"], ["taggable_id", 1], ["context", "tags"], ["LIMIT", 1]]
  [1m[36mActsAsTaggableOn::Tagging Create (1.0ms)[0m  [1m[32mINSERT INTO "taggings" ("tag_id", "taggable_type", "taggable_id", "context", "created_at") VALUES ($1, $2, $3, $4, $5) RETURNING "id"[0m  [["tag_id", 1], ["taggable_type", "Event"], ["taggable_id", 1], ["context", "tags"], ["created_at", "2019-09-23 15:54:33.130761"]]
  [1m[36mActsAsTaggableOn::Tag Update All (11.8ms)[0m  [1m[33mUPDATE "tags" SET "taggings_count" = COALESCE("taggings_count", 0) + 1 WHERE "tags"."id" = $1[0m  [["id", 1]]
  [1m[35m (6.2ms)[0m  [1m[35mCOMMIT[0m
  [1m[36mActsAsTaggableOn::Tag Load (0.9ms)[0m  [1m[34mSELECT "tags".* FROM "tags" INNER JOIN "taggings" ON "tags"."id" = "taggings"."tag_id" WHERE "taggings"."taggable_id" = $1 AND "taggings"."taggable_type" = $2 AND "taggings"."context" = $3[0m  [["taggable_id", 1], ["taggable_type", "Event"], ["context", "tags"]]
  [1m[35m (0.5ms)[0m  [1m[34mSELECT "schema_migrations"."version" FROM "schema_migrations" ORDER BY "schema_migrations"."version" ASC[0m
  â†³ bin/rails:9
  [1m[35m (0.3ms)[0m  [1m[34mSELECT "ar_internal_metadata"."value" FROM "ar_internal_metadata" WHERE "ar_internal_metadata"."key" = $1[0m  [["key", "environment"]]
  â†³ bin/rails:9
  [1m[35m (0.2ms)[0m  [1m[34mSELECT "schema_migrations"."version" FROM "schema_migrations" ORDER BY "schema_migrations"."version" ASC[0m
  â†³ bin/rails:9
  [1m[35m (0.1ms)[0m  [1m[34mSELECT "ar_internal_metadata"."value" FROM "ar_internal_metadata" WHERE "ar_internal_metadata"."key" = $1[0m  [["key", "environment"]]
  â†³ bin/rails:9
  [1m[35m (0.2ms)[0m  [1m[34mSELECT "schema_migrations"."version" FROM "schema_migrations" ORDER BY "schema_migrations"."version" ASC[0m
  â†³ bin/rails:9
  [1m[35m (0.1ms)[0m  [1m[34mSELECT "ar_internal_metadata"."value" FROM "ar_internal_metadata" WHERE "ar_internal_metadata"."key" = $1[0m  [["key", "environment"]]
  â†³ bin/rails:9
  [1m[35m (8227.8ms)[0m  [1m[35mDROP DATABASE IF EXISTS "haejwo_development"[0m
  â†³ bin/rails:9
  [1m[35m (0.5ms)[0m  [1m[34mSELECT "schema_migrations"."version" FROM "schema_migrations" ORDER BY "schema_migrations"."version" ASC[0m
  â†³ bin/rails:9
  [1m[35m (0.3ms)[0m  [1m[34mSELECT "ar_internal_metadata"."value" FROM "ar_internal_metadata" WHERE "ar_internal_metadata"."key" = $1[0m  [["key", "environment"]]
  â†³ bin/rails:9
  [1m[35m (0.2ms)[0m  [1m[34mSELECT "schema_migrations"."version" FROM "schema_migrations" ORDER BY "schema_migrations"."version" ASC[0m
  â†³ bin/rails:9
  [1m[35m (0.1ms)[0m  [1m[34mSELECT "ar_internal_metadata"."value" FROM "ar_internal_metadata" WHERE "ar_internal_metadata"."key" = $1[0m  [["key", "environment"]]
  â†³ bin/rails:9
  [1m[35m (0.2ms)[0m  [1m[34mSELECT "schema_migrations"."version" FROM "schema_migrations" ORDER BY "schema_migrations"."version" ASC[0m
  â†³ bin/rails:9
  [1m[35m (0.1ms)[0m  [1m[34mSELECT "ar_internal_metadata"."value" FROM "ar_internal_metadata" WHERE "ar_internal_metadata"."key" = $1[0m  [["key", "environment"]]
  â†³ bin/rails:9
  [1m[35m (232.6ms)[0m  [1m[35mDROP DATABASE IF EXISTS "haejwo_development"[0m
  â†³ bin/rails:9
  [1m[35m (223.6ms)[0m  [1m[35mDROP DATABASE IF EXISTS "haejwo_test"[0m
  â†³ bin/rails:9
  [1m[35m (636.7ms)[0m  [1m[35mCREATE DATABASE "haejwo_development" ENCODING = 'unicode'[0m
  â†³ bin/rails:9
  [1m[35m (471.5ms)[0m  [1m[35mCREATE DATABASE "haejwo_test" ENCODING = 'unicode'[0m
  â†³ bin/rails:9
  [1m[35m (4.1ms)[0m  [1m[35mCREATE TABLE "schema_migrations" ("version" character varying NOT NULL PRIMARY KEY)[0m
  â†³ bin/rails:9
  [1m[35m (2.5ms)[0m  [1m[35mCREATE TABLE "ar_internal_metadata" ("key" character varying NOT NULL PRIMARY KEY, "value" character varying, "created_at" timestamp NOT NULL, "updated_at" timestamp NOT NULL)[0m
  â†³ bin/rails:9
  [1m[35m (0.2ms)[0m  [1m[34mSELECT pg_try_advisory_lock(2427224059277016825)[0m
  â†³ bin/rails:9
  [1m[35m (0.4ms)[0m  [1m[34mSELECT "schema_migrations"."version" FROM "schema_migrations" ORDER BY "schema_migrations"."version" ASC[0m
  â†³ bin/rails:9
Migrating to DeviseCreateUsers (20190415132102)
  [1m[35m (0.2ms)[0m  [1m[35mBEGIN[0m
  â†³ bin/rails:9
  [1m[35m (3.4ms)[0m  [1m[35mCREATE TABLE "users" ("id" bigserial primary key, "name" character varying DEFAULT '' NOT NULL, "email" character varying DEFAULT '' NOT NULL, "encrypted_password" character varying DEFAULT '' NOT NULL, "phone" character varying NOT NULL, "thumbnail" character varying, "address1" character varying, "address2" character varying, "zipcode" character varying, "gender" integer, "customs_number" character varying, "role" integer, "accept_sms" boolean, "accept_email" boolean, "reset_password_token" character varying, "reset_password_sent_at" timestamp, "remember_created_at" timestamp, "sign_in_count" integer DEFAULT 0 NOT NULL, "current_sign_in_at" timestamp, "last_sign_in_at" timestamp, "current_sign_in_ip" inet, "last_sign_in_ip" inet, "created_at" timestamp NOT NULL, "updated_at" timestamp NOT NULL)[0m
  â†³ db/migrate/20190415132102_devise_create_users.rb:5
  [1m[35m (0.8ms)[0m  [1m[35mCREATE UNIQUE INDEX  "index_users_on_email" ON "users"  ("email")[0m
  â†³ db/migrate/20190415132102_devise_create_users.rb:50
  [1m[35m (1.0ms)[0m  [1m[35mCREATE UNIQUE INDEX  "index_users_on_reset_password_token" ON "users"  ("reset_password_token")[0m
  â†³ db/migrate/20190415132102_devise_create_users.rb:51
  [1m[36mActiveRecord::SchemaMigration Create (0.4ms)[0m  [1m[32mINSERT INTO "schema_migrations" ("version") VALUES ($1) RETURNING "version"[0m  [["version", "20190415132102"]]
  â†³ bin/rails:9
  [1m[35m (0.4ms)[0m  [1m[35mCOMMIT[0m
  â†³ bin/rails:9
Migrating to DeviseCreateAdminUsers (20190502035330)
  [1m[35m (0.3ms)[0m  [1m[35mBEGIN[0m
  â†³ bin/rails:9
  [1m[35m (3.3ms)[0m  [1m[35mCREATE TABLE "admin_users" ("id" bigserial primary key, "email" character varying DEFAULT '' NOT NULL, "encrypted_password" character varying DEFAULT '' NOT NULL, "reset_password_token" character varying, "reset_password_sent_at" timestamp, "remember_created_at" timestamp, "created_at" timestamp NOT NULL, "updated_at" timestamp NOT NULL)[0m
  â†³ db/migrate/20190502035330_devise_create_admin_users.rb:5
  [1m[35m (1.2ms)[0m  [1m[35mCREATE UNIQUE INDEX  "index_admin_users_on_email" ON "admin_users"  ("email")[0m
  â†³ db/migrate/20190502035330_devise_create_admin_users.rb:39
  [1m[35m (1.1ms)[0m  [1m[35mCREATE UNIQUE INDEX  "index_admin_users_on_reset_password_token" ON "admin_users"  ("reset_password_token")[0m
  â†³ db/migrate/20190502035330_devise_create_admin_users.rb:40
  [1m[36mActiveRecord::SchemaMigration Create (0.2ms)[0m  [1m[32mINSERT INTO "schema_migrations" ("version") VALUES ($1) RETURNING "version"[0m  [["version", "20190502035330"]]
  â†³ bin/rails:9
  [1m[35m (0.4ms)[0m  [1m[35mCOMMIT[0m
  â†³ bin/rails:9
Migrating to CreateActiveAdminComments (20190502035334)
  [1m[35m (0.4ms)[0m  [1m[35mBEGIN[0m
  â†³ bin/rails:9
  [1m[35m (3.1ms)[0m  [1m[35mCREATE TABLE "active_admin_comments" ("id" bigserial primary key, "namespace" character varying, "body" text, "resource_type" character varying, "resource_id" bigint, "author_type" character varying, "author_id" bigint, "created_at" timestamp NOT NULL, "updated_at" timestamp NOT NULL)[0m
  â†³ db/migrate/20190502035334_create_active_admin_comments.rb:3
  [1m[35m (1.3ms)[0m  [1m[35mCREATE  INDEX  "index_active_admin_comments_on_resource_type_and_resource_id" ON "active_admin_comments"  ("resource_type", "resource_id")[0m
  â†³ db/migrate/20190502035334_create_active_admin_comments.rb:3
  [1m[35m (0.9ms)[0m  [1m[35mCREATE  INDEX  "index_active_admin_comments_on_author_type_and_author_id" ON "active_admin_comments"  ("author_type", "author_id")[0m
  â†³ db/migrate/20190502035334_create_active_admin_comments.rb:3
  [1m[35m (0.9ms)[0m  [1m[35mCREATE  INDEX  "index_active_admin_comments_on_namespace" ON "active_admin_comments"  ("namespace")[0m
  â†³ db/migrate/20190502035334_create_active_admin_comments.rb:10
  [1m[36mActiveRecord::SchemaMigration Create (0.2ms)[0m  [1m[32mINSERT INTO "schema_migrations" ("version") VALUES ($1) RETURNING "version"[0m  [["version", "20190502035334"]]
  â†³ bin/rails:9
  [1m[35m (0.5ms)[0m  [1m[35mCOMMIT[0m
  â†³ bin/rails:9
Migrating to CreateEvents (20190923063838)
  [1m[35m (5.8ms)[0m  [1m[35mBEGIN[0m
  â†³ bin/rails:9
  [1m[35m (8.4ms)[0m  [1m[35mCREATE TABLE "events" ("id" bigserial primary key, "user_id" bigint, "title" character varying, "place" character varying, "detail_place" character varying, "content" text, "state" integer DEFAULT 0, "reward" integer DEFAULT 0, "time_limit" timestamp DEFAULT 0, "created_at" timestamp NOT NULL, "updated_at" timestamp NOT NULL, CONSTRAINT "fk_rails_0cb5590091"
FOREIGN KEY ("user_id")
  REFERENCES "users" ("id")
)[0m
  â†³ db/migrate/20190923063838_create_events.rb:3
  [1m[35m (0.1ms)[0m  [1m[31mROLLBACK[0m
  â†³ bin/rails:9
  [1m[35m (0.2ms)[0m  [1m[34mSELECT pg_advisory_unlock(2427224059277016825)[0m
  â†³ bin/rails:9
  [1m[35m (0.9ms)[0m  [1m[35mCREATE DATABASE "haejwo_development" ENCODING = 'unicode'[0m
  â†³ bin/rails:9
  [1m[35m (0.6ms)[0m  [1m[35mCREATE DATABASE "haejwo_test" ENCODING = 'unicode'[0m
  â†³ bin/rails:9
  [1m[35m (0.2ms)[0m  [1m[34mSELECT pg_try_advisory_lock(2427224059277016825)[0m
  â†³ bin/rails:9
  [1m[35m (0.5ms)[0m  [1m[34mSELECT "schema_migrations"."version" FROM "schema_migrations" ORDER BY "schema_migrations"."version" ASC[0m
  â†³ bin/rails:9
Migrating to CreateEvents (20190923063838)
  [1m[35m (0.1ms)[0m  [1m[35mBEGIN[0m
  â†³ bin/rails:9
  [1m[35m (21.2ms)[0m  [1m[35mCREATE TABLE "events" ("id" bigserial primary key, "user_id" bigint, "title" character varying, "place" character varying, "detail_place" character varying, "time_limit" timestamp, "content" text, "state" integer DEFAULT 0, "reward" integer DEFAULT 0, "created_at" timestamp NOT NULL, "updated_at" timestamp NOT NULL, CONSTRAINT "fk_rails_0cb5590091"
FOREIGN KEY ("user_id")
  REFERENCES "users" ("id")
)[0m
  â†³ db/migrate/20190923063838_create_events.rb:3
  [1m[35m (5.7ms)[0m  [1m[35mCREATE  INDEX  "index_events_on_user_id" ON "events"  ("user_id")[0m
  â†³ db/migrate/20190923063838_create_events.rb:3
  [1m[36mActiveRecord::SchemaMigration Create (0.3ms)[0m  [1m[32mINSERT INTO "schema_migrations" ("version") VALUES ($1) RETURNING "version"[0m  [["version", "20190923063838"]]
  â†³ bin/rails:9
  [1m[35m (0.5ms)[0m  [1m[35mCOMMIT[0m
  â†³ bin/rails:9
Migrating to ActsAsTaggableOnMigration (20190923064951)
  [1m[35m (0.2ms)[0m  [1m[35mBEGIN[0m
  â†³ bin/rails:9
  [1m[35m (3.9ms)[0m  [1m[35mCREATE TABLE "tags" ("id" serial NOT NULL PRIMARY KEY, "name" character varying)[0m
  â†³ db/migrate/20190923064951_acts_as_taggable_on_migration.acts_as_taggable_on_engine.rb:9
  [1m[35m (5.3ms)[0m  [1m[35mCREATE TABLE "taggings" ("id" serial NOT NULL PRIMARY KEY, "tag_id" integer, "taggable_type" character varying, "taggable_id" integer, "tagger_type" character varying, "tagger_id" integer, "context" character varying(128), "created_at" timestamp)[0m
  â†³ db/migrate/20190923064951_acts_as_taggable_on_migration.acts_as_taggable_on_engine.rb:13
  [1m[35m (1.5ms)[0m  [1m[35mCREATE  INDEX  "index_taggings_on_tag_id" ON "taggings"  ("tag_id")[0m
  â†³ db/migrate/20190923064951_acts_as_taggable_on_migration.acts_as_taggable_on_engine.rb:28
  [1m[35m (1.4ms)[0m  [1m[35mCREATE  INDEX  "index_taggings_on_taggable_id_and_taggable_type_and_context" ON "taggings"  ("taggable_id", "taggable_type", "context")[0m
  â†³ db/migrate/20190923064951_acts_as_taggable_on_migration.acts_as_taggable_on_engine.rb:29
  [1m[36mActiveRecord::SchemaMigration Create (0.4ms)[0m  [1m[32mINSERT INTO "schema_migrations" ("version") VALUES ($1) RETURNING "version"[0m  [["version", "20190923064951"]]
  â†³ bin/rails:9
  [1m[35m (0.5ms)[0m  [1m[35mCOMMIT[0m
  â†³ bin/rails:9
Migrating to AddMissingUniqueIndices (20190923064952)
  [1m[35m (0.3ms)[0m  [1m[35mBEGIN[0m
  â†³ bin/rails:9
  [1m[35m (1.9ms)[0m  [1m[35mCREATE UNIQUE INDEX  "index_tags_on_name" ON "tags"  ("name")[0m
  â†³ db/migrate/20190923064952_add_missing_unique_indices.acts_as_taggable_on_engine.rb:9
  [1m[35m (0.4ms)[0m  [1m[35mDROP INDEX  "index_taggings_on_tag_id"[0m
  â†³ db/migrate/20190923064952_add_missing_unique_indices.acts_as_taggable_on_engine.rb:11
  [1m[35m (0.2ms)[0m  [1m[35mDROP INDEX  "index_taggings_on_taggable_id_and_taggable_type_and_context"[0m
  â†³ db/migrate/20190923064952_add_missing_unique_indices.acts_as_taggable_on_engine.rb:12
  [1m[35m (1.5ms)[0m  [1m[35mCREATE UNIQUE INDEX  "taggings_idx" ON "taggings"  ("tag_id", "taggable_id", "taggable_type", "context", "tagger_id", "tagger_type")[0m
  â†³ db/migrate/20190923064952_add_missing_unique_indices.acts_as_taggable_on_engine.rb:13
  [1m[36mActiveRecord::SchemaMigration Create (0.5ms)[0m  [1m[32mINSERT INTO "schema_migrations" ("version") VALUES ($1) RETURNING "version"[0m  [["version", "20190923064952"]]
  â†³ bin/rails:9
  [1m[35m (1.3ms)[0m  [1m[35mCOMMIT[0m
  â†³ bin/rails:9
Migrating to AddTaggingsCounterCacheToTags (20190923064953)
  [1m[35m (0.3ms)[0m  [1m[35mBEGIN[0m
  â†³ bin/rails:9
  [1m[35m (0.3ms)[0m  [1m[35mALTER TABLE "tags" ADD "taggings_count" integer DEFAULT 0[0m
  â†³ db/migrate/20190923064953_add_taggings_counter_cache_to_tags.acts_as_taggable_on_engine.rb:9
  [1m[36mActsAsTaggableOn::Tag Load (0.3ms)[0m  [1m[34mSELECT  "tags".* FROM "tags" ORDER BY "tags"."id" ASC LIMIT $1[0m  [["LIMIT", 1000]]
  â†³ db/migrate/20190923064953_add_taggings_counter_cache_to_tags.acts_as_taggable_on_engine.rb:12
  [1m[36mActiveRecord::SchemaMigration Create (0.2ms)[0m  [1m[32mINSERT INTO "schema_migrations" ("version") VALUES ($1) RETURNING "version"[0m  [["version", "20190923064953"]]
  â†³ bin/rails:9
  [1m[35m (0.4ms)[0m  [1m[35mCOMMIT[0m
  â†³ bin/rails:9
Migrating to AddMissingTaggableIndex (20190923064954)
  [1m[35m (0.1ms)[0m  [1m[35mBEGIN[0m
  â†³ bin/rails:9
  [1m[35m (1.5ms)[0m  [1m[35mCREATE  INDEX  "index_taggings_on_taggable_id_and_taggable_type_and_context" ON "taggings"  ("taggable_id", "taggable_type", "context")[0m
  â†³ db/migrate/20190923064954_add_missing_taggable_index.acts_as_taggable_on_engine.rb:9
  [1m[36mActiveRecord::SchemaMigration Create (0.2ms)[0m  [1m[32mINSERT INTO "schema_migrations" ("version") VALUES ($1) RETURNING "version"[0m  [["version", "20190923064954"]]
  â†³ bin/rails:9
  [1m[35m (0.5ms)[0m  [1m[35mCOMMIT[0m
  â†³ bin/rails:9
Migrating to ChangeCollationForTagNames (20190923064955)
  [1m[35m (0.1ms)[0m  [1m[35mBEGIN[0m
  â†³ bin/rails:9
  [1m[36mActiveRecord::SchemaMigration Create (0.2ms)[0m  [1m[32mINSERT INTO "schema_migrations" ("version") VALUES ($1) RETURNING "version"[0m  [["version", "20190923064955"]]
  â†³ bin/rails:9
  [1m[35m (0.4ms)[0m  [1m[35mCOMMIT[0m
  â†³ bin/rails:9
Migrating to AddMissingIndexesOnTaggings (20190923064956)
  [1m[35m (0.1ms)[0m  [1m[35mBEGIN[0m
  â†³ bin/rails:9
  [1m[35m (1.2ms)[0m  [1m[35mCREATE  INDEX  "index_taggings_on_tag_id" ON "taggings"  ("tag_id")[0m
  â†³ db/migrate/20190923064956_add_missing_indexes_on_taggings.acts_as_taggable_on_engine.rb:9
  [1m[35m (0.8ms)[0m  [1m[35mCREATE  INDEX  "index_taggings_on_taggable_id" ON "taggings"  ("taggable_id")[0m
  â†³ db/migrate/20190923064956_add_missing_indexes_on_taggings.acts_as_taggable_on_engine.rb:10
  [1m[35m (0.9ms)[0m  [1m[35mCREATE  INDEX  "index_taggings_on_taggable_type" ON "taggings"  ("taggable_type")[0m
  â†³ db/migrate/20190923064956_add_missing_indexes_on_taggings.acts_as_taggable_on_engine.rb:11
  [1m[35m (1.0ms)[0m  [1m[35mCREATE  INDEX  "index_taggings_on_tagger_id" ON "taggings"  ("tagger_id")[0m
  â†³ db/migrate/20190923064956_add_missing_indexes_on_taggings.acts_as_taggable_on_engine.rb:12
  [1m[35m (1.1ms)[0m  [1m[35mCREATE  INDEX  "index_taggings_on_context" ON "taggings"  ("context")[0m
  â†³ db/migrate/20190923064956_add_missing_indexes_on_taggings.acts_as_taggable_on_engine.rb:13
  [1m[35m (1.0ms)[0m  [1m[35mCREATE  INDEX  "index_taggings_on_tagger_id_and_tagger_type" ON "taggings"  ("tagger_id", "tagger_type")[0m
  â†³ db/migrate/20190923064956_add_missing_indexes_on_taggings.acts_as_taggable_on_engine.rb:16
  [1m[35m (0.8ms)[0m  [1m[35mCREATE  INDEX  "taggings_idy" ON "taggings"  ("taggable_id", "taggable_type", "tagger_id", "context")[0m
  â†³ db/migrate/20190923064956_add_missing_indexes_on_taggings.acts_as_taggable_on_engine.rb:20
  [1m[36mActiveRecord::SchemaMigration Create (0.2ms)[0m  [1m[32mINSERT INTO "schema_migrations" ("version") VALUES ($1) RETURNING "version"[0m  [["version", "20190923064956"]]
  â†³ bin/rails:9
  [1m[35m (0.4ms)[0m  [1m[35mCOMMIT[0m
  â†³ bin/rails:9
  [1m[36mActiveRecord::InternalMetadata Load (0.2ms)[0m  [1m[34mSELECT  "ar_internal_metadata".* FROM "ar_internal_metadata" WHERE "ar_internal_metadata"."key" = $1 LIMIT $2[0m  [["key", "environment"], ["LIMIT", 1]]
  â†³ bin/rails:9
  [1m[35m (0.1ms)[0m  [1m[35mBEGIN[0m
  â†³ bin/rails:9
  [1m[36mActiveRecord::InternalMetadata Create (0.3ms)[0m  [1m[32mINSERT INTO "ar_internal_metadata" ("key", "value", "created_at", "updated_at") VALUES ($1, $2, $3, $4) RETURNING "key"[0m  [["key", "environment"], ["value", "development"], ["created_at", "2019-09-23 15:58:03.612115"], ["updated_at", "2019-09-23 15:58:03.612115"]]
  â†³ bin/rails:9
  [1m[35m (0.3ms)[0m  [1m[35mCOMMIT[0m
  â†³ bin/rails:9
  [1m[35m (0.1ms)[0m  [1m[34mSELECT pg_advisory_unlock(2427224059277016825)[0m
  â†³ bin/rails:9
  [1m[35m (0.1ms)[0m  [1m[34mSELECT "schema_migrations"."version" FROM "schema_migrations" ORDER BY "schema_migrations"."version" ASC[0m
  â†³ bin/rails:9
  [1m[35m (0.1ms)[0m  [1m[34mSELECT "schema_migrations"."version" FROM "schema_migrations" ORDER BY "schema_migrations"."version" ASC[0m
  â†³ bin/rails:9
  [1m[35m (3.3ms)[0m  [1m[35mBEGIN[0m
  â†³ db/seeds.rb:8
  [1m[36mAdminUser Exists (0.9ms)[0m  [1m[34mSELECT  1 AS one FROM "admin_users" WHERE "admin_users"."email" = $1 LIMIT $2[0m  [["email", "admin@example.com"], ["LIMIT", 1]]
  â†³ db/seeds.rb:8
  [1m[36mAdminUser Create (1.2ms)[0m  [1m[32mINSERT INTO "admin_users" ("email", "encrypted_password", "created_at", "updated_at") VALUES ($1, $2, $3, $4) RETURNING "id"[0m  [["email", "admin@example.com"], ["encrypted_password", "$2a$11$ykKuuc7ZsNYSK0z8hPQsuelsGzQ3U6XaF9D6m7z4jfXRSm91qxZja"], ["created_at", "2019-09-23 15:58:03.813595"], ["updated_at", "2019-09-23 15:58:03.813595"]]
  â†³ db/seeds.rb:8
  [1m[35m (6.0ms)[0m  [1m[35mCOMMIT[0m
  â†³ db/seeds.rb:8
  [1m[35m (0.2ms)[0m  [1m[34mSELECT pg_try_advisory_lock(2427224059277016825)[0m
  â†³ bin/rails:9
  [1m[35m (2.5ms)[0m  [1m[34mSELECT "schema_migrations"."version" FROM "schema_migrations" ORDER BY "schema_migrations"."version" ASC[0m
  â†³ bin/rails:9
  [1m[36mActiveRecord::InternalMetadata Load (12.9ms)[0m  [1m[34mSELECT  "ar_internal_metadata".* FROM "ar_internal_metadata" WHERE "ar_internal_metadata"."key" = $1 LIMIT $2[0m  [["key", "environment"], ["LIMIT", 1]]
  â†³ bin/rails:9
  [1m[35m (0.1ms)[0m  [1m[35mBEGIN[0m
  â†³ bin/rails:9
  [1m[35m (0.1ms)[0m  [1m[35mCOMMIT[0m
  â†³ bin/rails:9
  [1m[35m (0.2ms)[0m  [1m[34mSELECT pg_advisory_unlock(2427224059277016825)[0m
  â†³ bin/rails:9
  [1m[35m (0.2ms)[0m  [1m[34mSELECT "schema_migrations"."version" FROM "schema_migrations" ORDER BY "schema_migrations"."version" ASC[0m
  â†³ bin/rails:9
Started GET "/" for ::1 at 2019-09-23 16:40:33 +0900
  [1m[35m (0.9ms)[0m  [1m[34mSELECT "schema_migrations"."version" FROM "schema_migrations" ORDER BY "schema_migrations"."version" ASC[0m
  â†³ /Users/jangseong-won/.rbenv/versions/2.6.4/lib/ruby/gems/2.6.0/gems/activerecord-5.2.3/lib/active_record/log_subscriber.rb:98
Processing by EventsController#index as HTML
  Rendering events/index.html.erb within layouts/application
  Rendered events/index.html.erb within layouts/application (1.8ms)
  [1m[36mUser Load (7.9ms)[0m  [1m[34mSELECT  "users".* FROM "users" WHERE "users"."id" = $1 ORDER BY "users"."id" ASC LIMIT $2[0m  [["id", 1], ["LIMIT", 1]]
  â†³ app/views/layouts/application.html.erb:60
Completed 200 OK in 10837ms (Views: 10815.2ms | ActiveRecord: 12.6ms)


Started GET "/?time=%25Q&main=true" for ::1 at 2019-09-23 16:40:45 +0900
Started GET "/maps?time=%25Q&main=true" for ::1 at 2019-09-23 16:40:45 +0900
Started GET "/mypage?time=%25Q&main=true" for ::1 at 2019-09-23 16:40:45 +0900
Started GET "/notifications?time=%25Q&main=true" for ::1 at 2019-09-23 16:40:45 +0900
Processing by EventsController#index as */*
  Parameters: {"time"=>"%Q", "main"=>"true"}
  Rendering events/index.html.erb within layouts/template
  Rendered events/index.html.erb within layouts/template (0.6ms)
Completed 200 OK in 14ms (Views: 8.9ms | ActiveRecord: 0.0ms)


Processing by UsersController#mypage as */*
  Parameters: {"time"=>"%Q", "main"=>"true"}
Processing by NotificationsController#index as */*
  Parameters: {"time"=>"%Q", "main"=>"true"}
Processing by MapsController#index as */*
  Parameters: {"time"=>"%Q", "main"=>"true"}
  Rendering users/mypage.html.erb within layouts/template
  Rendering notifications/index.html.erb within layouts/template
  Rendered notifications/index.html.erb within layouts/template (0.5ms)
Completed 200 OK in 35ms (Views: 21.2ms | ActiveRecord: 0.0ms)


  Rendering maps/index.html.erb within layouts/template
  Rendered maps/index.html.erb within layouts/template (0.4ms)
Completed 200 OK in 33ms (Views: 18.7ms | ActiveRecord: 0.0ms)


  Rendered shared/_navbar_notitle.html.erb (0.7ms)
  Rendered users/mypage.html.erb within layouts/template (15.8ms)
Completed 200 OK in 51ms (Views: 30.6ms | ActiveRecord: 0.0ms)


Started GET "/robots.txt" for ::1 at 2019-09-24 13:34:17 +0900
Started GET "/" for ::1 at 2019-09-24 13:34:17 +0900
  [1m[35m (2.0ms)[0m  [1m[34mSELECT "schema_migrations"."version" FROM "schema_migrations" ORDER BY "schema_migrations"."version" ASC[0m
  [1m[35m (2.0ms)[0m  [1m[34mSELECT "schema_migrations"."version" FROM "schema_migrations" ORDER BY "schema_migrations"."version" ASC[0m
  â†³ /Users/jangseong-won/.rbenv/versions/2.6.4/lib/ruby/gems/2.6.0/gems/activerecord-5.2.3/lib/active_record/log_subscriber.rb:98
  â†³ /Users/jangseong-won/.rbenv/versions/2.6.4/lib/ruby/gems/2.6.0/gems/activerecord-5.2.3/lib/active_record/log_subscriber.rb:98
  
ActionController::RoutingError (No route matches [GET] "/robots.txt"):
  
actionpack (5.2.3) lib/action_dispatch/middleware/debug_exceptions.rb:65:in `call'
web-console (3.7.0) lib/web_console/middleware.rb:135:in `call_app'
web-console (3.7.0) lib/web_console/middleware.rb:30:in `block in call'
web-console (3.7.0) lib/web_console/middleware.rb:20:in `catch'
web-console (3.7.0) lib/web_console/middleware.rb:20:in `call'
actionpack (5.2.3) lib/action_dispatch/middleware/show_exceptions.rb:33:in `call'
railties (5.2.3) lib/rails/rack/logger.rb:38:in `call_app'
railties (5.2.3) lib/rails/rack/logger.rb:26:in `block in call'
activesupport (5.2.3) lib/active_support/tagged_logging.rb:71:in `block in tagged'
activesupport (5.2.3) lib/active_support/tagged_logging.rb:28:in `tagged'
activesupport (5.2.3) lib/active_support/tagged_logging.rb:71:in `tagged'
railties (5.2.3) lib/rails/rack/logger.rb:26:in `call'
sprockets-rails (3.2.1) lib/sprockets/rails/quiet_assets.rb:13:in `call'
actionpack (5.2.3) lib/action_dispatch/middleware/remote_ip.rb:81:in `call'
actionpack (5.2.3) lib/action_dispatch/middleware/request_id.rb:27:in `call'
rack (2.0.7) lib/rack/method_override.rb:22:in `call'
rack (2.0.7) lib/rack/runtime.rb:22:in `call'
activesupport (5.2.3) lib/active_support/cache/strategy/local_cache_middleware.rb:29:in `call'
actionpack (5.2.3) lib/action_dispatch/middleware/executor.rb:14:in `call'
actionpack (5.2.3) lib/action_dispatch/middleware/static.rb:127:in `call'
rack (2.0.7) lib/rack/sendfile.rb:111:in `call'
railties (5.2.3) lib/rails/engine.rb:524:in `call'
puma (3.12.1) lib/puma/configuration.rb:227:in `call'
puma (3.12.1) lib/puma/server.rb:660:in `handle_request'
puma (3.12.1) lib/puma/server.rb:474:in `process_client'
puma (3.12.1) lib/puma/server.rb:334:in `block in run'
puma (3.12.1) lib/puma/thread_pool.rb:135:in `block in spawn_thread'
Processing by EventsController#index as HTML
  Rendering events/index.html.erb within layouts/application
  Rendered events/index.html.erb within layouts/application (0.6ms)
Completed 200 OK in 7974ms (Views: 7972.6ms | ActiveRecord: 0.0ms)


Started GET "/?time=%25Q&main=true" for ::1 at 2019-09-24 13:34:27 +0900
Processing by EventsController#index as */*
Started GET "/maps?time=%25Q&main=true" for ::1 at 2019-09-24 13:34:27 +0900
  Parameters: {"time"=>"%Q", "main"=>"true"}
Started GET "/mypage?time=%25Q&main=true" for ::1 at 2019-09-24 13:34:27 +0900
Started GET "/notifications?time=%25Q&main=true" for ::1 at 2019-09-24 13:34:27 +0900
  Rendering events/index.html.erb within layouts/template
  Rendered events/index.html.erb within layouts/template (0.4ms)
Completed 200 OK in 14ms (Views: 9.3ms | ActiveRecord: 0.0ms)


Processing by UsersController#mypage as */*
  Parameters: {"time"=>"%Q", "main"=>"true"}
Processing by MapsController#index as */*
Processing by NotificationsController#index as */*
  Parameters: {"time"=>"%Q", "main"=>"true"}
  Parameters: {"time"=>"%Q", "main"=>"true"}
  Rendering notifications/index.html.erb within layouts/template
  Rendering maps/index.html.erb within layouts/template
  Rendering users/mypage.html.erb within layouts/template
  Rendered notifications/index.html.erb within layouts/template (0.5ms)
  Rendered maps/index.html.erb within layouts/template (0.5ms)
Completed 200 OK in 36ms (Views: 23.2ms | ActiveRecord: 0.0ms)


Completed 200 OK in 41ms (Views: 27.8ms | ActiveRecord: 0.0ms)


  Rendered shared/_navbar_notitle.html.erb (0.5ms)
  Rendered users/mypage.html.erb within layouts/template (19.5ms)
Completed 200 OK in 60ms (Views: 38.3ms | ActiveRecord: 0.0ms)


Started GET "/" for ::1 at 2019-09-24 13:40:36 +0900
  [1m[35m (0.5ms)[0m  [1m[34mSELECT "schema_migrations"."version" FROM "schema_migrations" ORDER BY "schema_migrations"."version" ASC[0m
  â†³ /Users/jangseong-won/.rbenv/versions/2.6.4/lib/ruby/gems/2.6.0/gems/activerecord-5.2.3/lib/active_record/log_subscriber.rb:98
Processing by EventsController#index as HTML
  Rendering events/index.html.erb within layouts/application
  Rendered events/index.html.erb within layouts/application (1.2ms)
Completed 200 OK in 2346ms (Views: 2337.7ms | ActiveRecord: 0.0ms)


Started GET "/?time=%25Q&main=true" for ::1 at 2019-09-24 13:40:39 +0900
Processing by EventsController#index as */*
Started GET "/mypage?time=%25Q&main=true" for ::1 at 2019-09-24 13:40:39 +0900
Started GET "/maps?time=%25Q&main=true" for ::1 at 2019-09-24 13:40:39 +0900
  Parameters: {"time"=>"%Q", "main"=>"true"}
Started GET "/notifications?time=%25Q&main=true" for ::1 at 2019-09-24 13:40:39 +0900
  Rendering events/index.html.erb within layouts/template
  Rendered events/index.html.erb within layouts/template (0.5ms)
Completed 200 OK in 15ms (Views: 10.0ms | ActiveRecord: 0.0ms)


Processing by UsersController#mypage as */*
  Parameters: {"time"=>"%Q", "main"=>"true"}
Processing by MapsController#index as */*
Processing by NotificationsController#index as */*
  Parameters: {"time"=>"%Q", "main"=>"true"}
  Parameters: {"time"=>"%Q", "main"=>"true"}
  Rendering users/mypage.html.erb within layouts/template
  Rendering maps/index.html.erb within layouts/template
  Rendering notifications/index.html.erb within layouts/template
  Rendered maps/index.html.erb within layouts/template (0.3ms)
  Rendered notifications/index.html.erb within layouts/template (0.3ms)
  Rendered shared/_navbar_notitle.html.erb (0.4ms)
Completed 200 OK in 33ms (Views: 15.9ms | ActiveRecord: 0.0ms)


Completed 200 OK in 36ms (Views: 20.4ms | ActiveRecord: 0.0ms)


  Rendered users/mypage.html.erb within layouts/template (8.2ms)
Completed 200 OK in 43ms (Views: 27.8ms | ActiveRecord: 0.0ms)


Started GET "/events/new?time=%25Q" for ::1 at 2019-09-24 13:40:41 +0900
Processing by EventsController#new as */*
  Parameters: {"time"=>"%Q"}
  Rendering events/new.html.erb within layouts/template
  Rendered shared/_navbar_nomenu.html.erb (0.5ms)
  Rendered events/new.html.erb within layouts/template (9.8ms)
Completed 200 OK in 19ms (Views: 14.6ms | ActiveRecord: 0.0ms)


